<?xml version="1.0" encoding="UTF-8"?>
<!-- Generated by org.testng.reporters.JUnitReportReporter -->
<testsuite skipped="0" hostname="DESKTOP-ASB5QBL" name="testNG.EmpRegTestNG_TC" tests="4" failures="0" timestamp="24 May 2023 01:30:02 GMT" time="23.800" errors="0">
  <testcase name="orgEmpreg" time="4.945" classname="testNG.EmpRegTestNG_TC"/>
  <testcase name="orgEmpreg" time="6.444" classname="testNG.EmpRegTestNG_TC"/>
  <testcase name="orgEmpreg" time="6.600" classname="testNG.EmpRegTestNG_TC"/>
  <testcase name="orgEmpreg" time="5.811" classname="testNG.EmpRegTestNG_TC"/>
</testsuite> <!-- testNG.EmpRegTestNG_TC -->
