<?xml version="1.0" encoding="UTF-8"?>
<!-- Generated by org.testng.reporters.JUnitReportReporter -->
<testsuite skipped="0" hostname="DESKTOP-ASB5QBL" name="testNG.TestNGEg" tests="1" failures="0" timestamp="23 May 2023 01:51:29 GMT" time="2.095" errors="0">
  <testcase name="login" time="2.095" classname="testNG.TestNGEg"/>
</testsuite> <!-- testNG.TestNGEg -->
