<?xml version="1.0" encoding="UTF-8"?>
<!-- Generated by org.testng.reporters.JUnitReportReporter -->
<testsuite skipped="0" hostname="DESKTOP-ASB5QBL" name="grid.GridEg1" tests="2" failures="0" timestamp="31 May 2023 01:11:17 GMT" time="153.314" errors="0">
  <testcase name="grid" time="77.331" classname="grid.GridEg1"/>
  <testcase name="grid" time="75.983" classname="grid.GridEg1"/>
</testsuite> <!-- grid.GridEg1 -->
