<?xml version="1.0" encoding="UTF-8"?>
<!-- Generated by org.testng.reporters.JUnitReportReporter -->
<testsuite skipped="0" hostname="DESKTOP-ASB5QBL" name="pom.LoginTC_POM" tests="1" failures="0" timestamp="25 May 2023 01:16:58 GMT" time="41.381" errors="0">
  <testcase name="login" time="41.381" classname="pom.LoginTC_POM"/>
</testsuite> <!-- pom.LoginTC_POM -->
