<?xml version="1.0" encoding="UTF-8"?>
<!-- Generated by org.testng.reporters.JUnitReportReporter -->
<testsuite skipped="0" hostname="DESKTOP-ASB5QBL" name="testNG.UserRegTestNG_TC" tests="1" failures="0" timestamp="24 May 2023 01:14:33 GMT" time="16.684" errors="0">
  <testcase name="orgUserReg" time="16.684" classname="testNG.UserRegTestNG_TC"/>
</testsuite> <!-- testNG.UserRegTestNG_TC -->
